
> Task :compileJava FAILED
Error: Could not find or load main class worker.org.gradle.process.internal.worker.GradleWorkerMain
Caused by: java.lang.ClassNotFoundException: worker.org.gradle.process.internal.worker.GradleWorkerMain

FAILURE: Build failed with an exception.

* What went wrong:
Execution failed for task ':compileJava'.
> Failed to run Gradle Worker Daemon
   > Process 'Gradle Worker Daemon 5' finished with non-zero exit value 1

* Try:
> Run with --stacktrace option to get the stack trace.
> Run with --info or --debug option to get more log output.
> Run with --scan to generate a Build Scan (powered by Develocity).
> Get more help at https://help.gradle.org.

BUILD FAILED in 2s
1 actionable task: 1 executed
